  MyForm.cpp
d:\материалы\технологии программирования\курсовой проект\project\project\myform.h(62): warning C4018: <: несоответствие типов со знаком и без знака
d:\материалы\технологии программирования\курсовой проект\project\project\myform.h(323): warning C4018: <=: несоответствие типов со знаком и без знака
d:\материалы\технологии программирования\курсовой проект\project\project\myform.h(351): warning C4018: <=: несоответствие типов со знаком и без знака
d:\материалы\технологии программирования\курсовой проект\project\project\myform.h(500): warning C4805: !=: небезопасное смешение типа "long" и типа "bool" в операции
d:\материалы\технологии программирования\курсовой проект\project\project\myform.h(518): warning C4805: !=: небезопасное смешение типа "long" и типа "bool" в операции
d:\материалы\технологии программирования\курсовой проект\project\project\myform.h(547): warning C4805: !=: небезопасное смешение типа "long" и типа "bool" в операции
d:\материалы\технологии программирования\курсовой проект\project\project\myform.h(573): warning C4805: !=: небезопасное смешение типа "__int64" и типа "bool" в операции
d:\материалы\технологии программирования\курсовой проект\project\project\myform.h(582): warning C4018: <: несоответствие типов со знаком и без знака
d:\материалы\технологии программирования\курсовой проект\project\project\myform.h(628): warning C4305: инициализация: усечение из "double" в "float"
d:\материалы\технологии программирования\курсовой проект\project\project\myform.h(648): warning C4018: <: несоответствие типов со знаком и без знака
d:\материалы\технологии программирования\курсовой проект\project\project\myform.h(688): warning C4018: <: несоответствие типов со знаком и без знака
d:\материалы\технологии программирования\курсовой проект\project\project\myform.h(1531): warning C4244: =: преобразование "wchar_t" в "char", возможна потеря данных
d:\материалы\технологии программирования\курсовой проект\project\project\myform.h(1546): warning C4244: =: преобразование "std::streamoff" в "long", возможна потеря данных
d:\материалы\технологии программирования\курсовой проект\project\project\myform.h(1570): warning C4244: =: преобразование "wchar_t" в "char", возможна потеря данных
d:\материалы\технологии программирования\курсовой проект\project\project\myform.h(1599): warning C4244: аргумент: преобразование "__int64" в "long", возможна потеря данных
d:\материалы\технологии программирования\курсовой проект\project\project\myform.h(1607): warning C4244: =: преобразование "__int64" в "long", возможна потеря данных
d:\материалы\технологии программирования\курсовой проект\project\project\myform.h(1725): warning C4018: <: несоответствие типов со знаком и без знака
d:\материалы\технологии программирования\курсовой проект\project\project\myform.cpp(7): warning C4829: Возможно, неправильные параметры функции main. Рекомендуемый вариант - "int main(Platform::Array<Platform::String^>^ argv)"
  MyForm.obj : обнаружен модуль MSIL; для MSIL последовательная компоновка отключена; выполняется полная компоновка
  Project.vcxproj -> D:\Материалы\Технологии программирования\Курсовой проект\Project\Debug\Project.exe
